0 info it worked if it ends with ok
1 verbose cli [ 'node',
1 verbose cli   '/usr/local/bin/npm',
1 verbose cli   'install',
1 verbose cli   'browserify',
1 verbose cli   'gulp',
1 verbose cli   'gulp-browserify',
1 verbose cli   'gulp-contact',
1 verbose cli   'node-jsx',
1 verbose cli   'react-tools',
1 verbose cli   'reactify',
1 verbose cli   '--save-dev' ]
2 info using npm@1.4.28
3 info using node@v0.10.35
4 warn package.json xkcd@0.0.1 No repository field.
5 warn package.json xkcd@0.0.1 No README data
6 warn package.json path@0.11.14 path is also the name of a node core module.
7 verbose readDependencies using package.json deps
8 verbose cache add [ 'browserify', null ]
9 verbose cache add name=undefined spec="browserify" args=["browserify",null]
10 verbose parsed url { protocol: null,
10 verbose parsed url   slashes: null,
10 verbose parsed url   auth: null,
10 verbose parsed url   host: null,
10 verbose parsed url   port: null,
10 verbose parsed url   hostname: null,
10 verbose parsed url   hash: null,
10 verbose parsed url   search: null,
10 verbose parsed url   query: null,
10 verbose parsed url   pathname: 'browserify',
10 verbose parsed url   path: 'browserify',
10 verbose parsed url   href: 'browserify' }
11 verbose cache add [ 'gulp', null ]
12 verbose cache add name=undefined spec="gulp" args=["gulp",null]
13 verbose parsed url { protocol: null,
13 verbose parsed url   slashes: null,
13 verbose parsed url   auth: null,
13 verbose parsed url   host: null,
13 verbose parsed url   port: null,
13 verbose parsed url   hostname: null,
13 verbose parsed url   hash: null,
13 verbose parsed url   search: null,
13 verbose parsed url   query: null,
13 verbose parsed url   pathname: 'gulp',
13 verbose parsed url   path: 'gulp',
13 verbose parsed url   href: 'gulp' }
14 verbose cache add [ 'gulp-browserify', null ]
15 verbose cache add name=undefined spec="gulp-browserify" args=["gulp-browserify",null]
16 verbose parsed url { protocol: null,
16 verbose parsed url   slashes: null,
16 verbose parsed url   auth: null,
16 verbose parsed url   host: null,
16 verbose parsed url   port: null,
16 verbose parsed url   hostname: null,
16 verbose parsed url   hash: null,
16 verbose parsed url   search: null,
16 verbose parsed url   query: null,
16 verbose parsed url   pathname: 'gulp-browserify',
16 verbose parsed url   path: 'gulp-browserify',
16 verbose parsed url   href: 'gulp-browserify' }
17 verbose cache add [ 'gulp-contact', null ]
18 verbose cache add name=undefined spec="gulp-contact" args=["gulp-contact",null]
19 verbose parsed url { protocol: null,
19 verbose parsed url   slashes: null,
19 verbose parsed url   auth: null,
19 verbose parsed url   host: null,
19 verbose parsed url   port: null,
19 verbose parsed url   hostname: null,
19 verbose parsed url   hash: null,
19 verbose parsed url   search: null,
19 verbose parsed url   query: null,
19 verbose parsed url   pathname: 'gulp-contact',
19 verbose parsed url   path: 'gulp-contact',
19 verbose parsed url   href: 'gulp-contact' }
20 verbose cache add [ 'node-jsx', null ]
21 verbose cache add name=undefined spec="node-jsx" args=["node-jsx",null]
22 verbose parsed url { protocol: null,
22 verbose parsed url   slashes: null,
22 verbose parsed url   auth: null,
22 verbose parsed url   host: null,
22 verbose parsed url   port: null,
22 verbose parsed url   hostname: null,
22 verbose parsed url   hash: null,
22 verbose parsed url   search: null,
22 verbose parsed url   query: null,
22 verbose parsed url   pathname: 'node-jsx',
22 verbose parsed url   path: 'node-jsx',
22 verbose parsed url   href: 'node-jsx' }
23 verbose cache add [ 'react-tools', null ]
24 verbose cache add name=undefined spec="react-tools" args=["react-tools",null]
25 verbose parsed url { protocol: null,
25 verbose parsed url   slashes: null,
25 verbose parsed url   auth: null,
25 verbose parsed url   host: null,
25 verbose parsed url   port: null,
25 verbose parsed url   hostname: null,
25 verbose parsed url   hash: null,
25 verbose parsed url   search: null,
25 verbose parsed url   query: null,
25 verbose parsed url   pathname: 'react-tools',
25 verbose parsed url   path: 'react-tools',
25 verbose parsed url   href: 'react-tools' }
26 verbose cache add [ 'reactify', null ]
27 verbose cache add name=undefined spec="reactify" args=["reactify",null]
28 verbose parsed url { protocol: null,
28 verbose parsed url   slashes: null,
28 verbose parsed url   auth: null,
28 verbose parsed url   host: null,
28 verbose parsed url   port: null,
28 verbose parsed url   hostname: null,
28 verbose parsed url   hash: null,
28 verbose parsed url   search: null,
28 verbose parsed url   query: null,
28 verbose parsed url   pathname: 'reactify',
28 verbose parsed url   path: 'reactify',
28 verbose parsed url   href: 'reactify' }
29 silly lockFile 84c1c54e-browserify browserify
30 verbose lock browserify /Users/ryanyogan/.npm/84c1c54e-browserify.lock
31 silly lockFile 9750c68d-gulp gulp
32 verbose lock gulp /Users/ryanyogan/.npm/9750c68d-gulp.lock
33 silly lockFile f81d5b93-gulp-browserify gulp-browserify
34 verbose lock gulp-browserify /Users/ryanyogan/.npm/f81d5b93-gulp-browserify.lock
35 silly lockFile e38c1199-gulp-contact gulp-contact
36 verbose lock gulp-contact /Users/ryanyogan/.npm/e38c1199-gulp-contact.lock
37 silly lockFile ac3dd23a-node-jsx node-jsx
38 verbose lock node-jsx /Users/ryanyogan/.npm/ac3dd23a-node-jsx.lock
39 silly lockFile 0f761efe-react-tools react-tools
40 verbose lock react-tools /Users/ryanyogan/.npm/0f761efe-react-tools.lock
41 silly lockFile 97e36b74-reactify reactify
42 verbose lock reactify /Users/ryanyogan/.npm/97e36b74-reactify.lock
43 silly lockFile 84c1c54e-browserify browserify
44 silly lockFile 84c1c54e-browserify browserify
45 silly lockFile 9750c68d-gulp gulp
46 silly lockFile 9750c68d-gulp gulp
47 silly lockFile f81d5b93-gulp-browserify gulp-browserify
48 silly lockFile f81d5b93-gulp-browserify gulp-browserify
49 silly lockFile ac3dd23a-node-jsx node-jsx
50 silly lockFile ac3dd23a-node-jsx node-jsx
51 verbose addNamed [ 'browserify', '' ]
52 verbose addNamed [ null, '*' ]
53 silly lockFile 80140245-browserify browserify@
54 verbose lock browserify@ /Users/ryanyogan/.npm/80140245-browserify.lock
55 verbose addNamed [ 'gulp', '' ]
56 verbose addNamed [ null, '*' ]
57 silly lockFile 72f4391e-gulp gulp@
58 verbose lock gulp@ /Users/ryanyogan/.npm/72f4391e-gulp.lock
59 verbose addNamed [ 'gulp-browserify', '' ]
60 verbose addNamed [ null, '*' ]
61 silly lockFile 24eaa615-gulp-browserify gulp-browserify@
62 verbose lock gulp-browserify@ /Users/ryanyogan/.npm/24eaa615-gulp-browserify.lock
63 silly lockFile 0f761efe-react-tools react-tools
64 silly lockFile 0f761efe-react-tools react-tools
65 silly lockFile e38c1199-gulp-contact gulp-contact
66 silly lockFile e38c1199-gulp-contact gulp-contact
67 silly lockFile 97e36b74-reactify reactify
68 silly lockFile 97e36b74-reactify reactify
69 verbose addNamed [ 'node-jsx', '' ]
70 verbose addNamed [ null, '*' ]
71 silly lockFile 8bd41d33-node-jsx node-jsx@
72 verbose lock node-jsx@ /Users/ryanyogan/.npm/8bd41d33-node-jsx.lock
73 verbose addNamed [ 'react-tools', '' ]
74 verbose addNamed [ null, '*' ]
75 silly lockFile 47fcd5e0-react-tools react-tools@
76 verbose lock react-tools@ /Users/ryanyogan/.npm/47fcd5e0-react-tools.lock
77 verbose addNamed [ 'gulp-contact', '' ]
78 verbose addNamed [ null, '*' ]
79 silly lockFile 77998449-gulp-contact gulp-contact@
80 verbose lock gulp-contact@ /Users/ryanyogan/.npm/77998449-gulp-contact.lock
81 verbose addNamed [ 'reactify', '' ]
82 verbose addNamed [ null, '*' ]
83 silly lockFile 60172e78-reactify reactify@
84 verbose lock reactify@ /Users/ryanyogan/.npm/60172e78-reactify.lock
85 silly addNameRange { name: 'browserify', range: '*', hasData: false }
86 silly addNameRange { name: 'gulp', range: '*', hasData: false }
87 silly addNameRange { name: 'gulp-browserify', range: '*', hasData: false }
88 silly addNameRange { name: 'node-jsx', range: '*', hasData: false }
89 silly addNameRange { name: 'gulp-contact', range: '*', hasData: false }
90 silly addNameRange { name: 'react-tools', range: '*', hasData: false }
91 silly addNameRange { name: 'reactify', range: '*', hasData: false }
92 verbose request where is /gulp-contact
93 verbose request registry https://registry.npmjs.org/
94 verbose request id da0f724085927127
95 verbose url raw /gulp-contact
96 verbose url resolving [ 'https://registry.npmjs.org/', './gulp-contact' ]
97 verbose url resolved https://registry.npmjs.org/gulp-contact
98 verbose request where is https://registry.npmjs.org/gulp-contact
99 info trying registry request attempt 1 at 18:02:40
100 http GET https://registry.npmjs.org/gulp-contact
101 verbose request where is /node-jsx
102 verbose request registry https://registry.npmjs.org/
103 verbose url raw /node-jsx
104 verbose url resolving [ 'https://registry.npmjs.org/', './node-jsx' ]
105 verbose url resolved https://registry.npmjs.org/node-jsx
106 verbose request where is https://registry.npmjs.org/node-jsx
107 info trying registry request attempt 1 at 18:02:40
108 verbose etag "ARQN482PJ1OQLF3YBX8Y1H41C"
109 http GET https://registry.npmjs.org/node-jsx
110 verbose request where is /gulp-browserify
111 verbose request registry https://registry.npmjs.org/
112 verbose url raw /gulp-browserify
113 verbose url resolving [ 'https://registry.npmjs.org/', './gulp-browserify' ]
114 verbose url resolved https://registry.npmjs.org/gulp-browserify
115 verbose request where is https://registry.npmjs.org/gulp-browserify
116 info trying registry request attempt 1 at 18:02:40
117 verbose etag "BR36FDKS7DZWZB06TDOK48JQI"
118 http GET https://registry.npmjs.org/gulp-browserify
119 verbose request where is /browserify
120 verbose request registry https://registry.npmjs.org/
121 verbose url raw /browserify
122 verbose url resolving [ 'https://registry.npmjs.org/', './browserify' ]
123 verbose url resolved https://registry.npmjs.org/browserify
124 verbose request where is https://registry.npmjs.org/browserify
125 info trying registry request attempt 1 at 18:02:40
126 verbose etag "3960GTOCKGQHPCASNUHF3PZFB"
127 http GET https://registry.npmjs.org/browserify
128 verbose request where is /gulp
129 verbose request registry https://registry.npmjs.org/
130 verbose url raw /gulp
131 verbose url resolving [ 'https://registry.npmjs.org/', './gulp' ]
132 verbose url resolved https://registry.npmjs.org/gulp
133 verbose request where is https://registry.npmjs.org/gulp
134 info trying registry request attempt 1 at 18:02:40
135 verbose etag "EPB2E4D64PIEL1OENUHM025U5"
136 http GET https://registry.npmjs.org/gulp
137 verbose request where is /reactify
138 verbose request registry https://registry.npmjs.org/
139 verbose url raw /reactify
140 verbose url resolving [ 'https://registry.npmjs.org/', './reactify' ]
141 verbose url resolved https://registry.npmjs.org/reactify
142 verbose request where is https://registry.npmjs.org/reactify
143 info trying registry request attempt 1 at 18:02:40
144 verbose etag "9M37X9OV3BYSPS28NWVRE1BNG"
145 http GET https://registry.npmjs.org/reactify
146 verbose request where is /react-tools
147 verbose request registry https://registry.npmjs.org/
148 verbose url raw /react-tools
149 verbose url resolving [ 'https://registry.npmjs.org/', './react-tools' ]
150 verbose url resolved https://registry.npmjs.org/react-tools
151 verbose request where is https://registry.npmjs.org/react-tools
152 info trying registry request attempt 1 at 18:02:40
153 verbose etag "2QGNIURDM02UM7MR183AVON1H"
154 http GET https://registry.npmjs.org/react-tools
155 http 200 https://registry.npmjs.org/gulp
156 silly registry.get cb [ 200,
156 silly registry.get   { date: 'Sat, 07 Feb 2015 00:02:40 GMT',
156 silly registry.get     server: 'CouchDB/1.5.0 (Erlang OTP/R16B03)',
156 silly registry.get     etag: '"EJKSUU2HDXU4OUIQA1GN3OS9N"',
156 silly registry.get     'content-type': 'application/json',
156 silly registry.get     'cache-control': 'max-age=60',
156 silly registry.get     'content-length': '97447',
156 silly registry.get     'accept-ranges': 'bytes',
156 silly registry.get     via: '1.1 varnish',
156 silly registry.get     age: '5',
156 silly registry.get     'x-served-by': 'cache-ord1725-ORD',
156 silly registry.get     'x-cache': 'HIT',
156 silly registry.get     'x-cache-hits': '2',
156 silly registry.get     'x-timer': 'S1423267360.836636,VS0,VE0',
156 silly registry.get     vary: 'Accept',
156 silly registry.get     'keep-alive': 'timeout=10, max=50',
156 silly registry.get     connection: 'Keep-Alive' } ]
157 silly addNameRange number 2 { name: 'gulp', range: '*', hasData: true }
158 silly addNameRange versions [ 'gulp',
158 silly addNameRange   [ '0.0.1',
158 silly addNameRange     '0.0.2',
158 silly addNameRange     '0.0.3',
158 silly addNameRange     '0.0.4',
158 silly addNameRange     '0.0.5',
158 silly addNameRange     '0.0.7',
158 silly addNameRange     '0.0.8',
158 silly addNameRange     '0.0.9',
158 silly addNameRange     '0.1.0',
158 silly addNameRange     '0.2.0',
158 silly addNameRange     '1.0.0',
158 silly addNameRange     '1.1.0',
158 silly addNameRange     '1.2.0',
158 silly addNameRange     '1.2.1',
158 silly addNameRange     '2.0.0',
158 silly addNameRange     '2.0.1',
158 silly addNameRange     '2.1.0',
158 silly addNameRange     '2.2.0',
158 silly addNameRange     '2.3.0',
158 silly addNameRange     '2.4.0',
158 silly addNameRange     '2.4.1',
158 silly addNameRange     '2.6.0',
158 silly addNameRange     '2.6.1',
158 silly addNameRange     '2.7.0',
158 silly addNameRange     '3.0.0',
158 silly addNameRange     '3.1.1',
158 silly addNameRange     '3.1.2',
158 silly addNameRange     '3.1.3',
158 silly addNameRange     '3.1.4',
158 silly addNameRange     '3.2.0',
158 silly addNameRange     '3.2.1',
158 silly addNameRange     '3.2.2',
158 silly addNameRange     '3.2.3',
158 silly addNameRange     '3.2.4',
158 silly addNameRange     '3.2.5',
158 silly addNameRange     '3.3.0',
158 silly addNameRange     '3.3.1',
158 silly addNameRange     '3.3.2',
158 silly addNameRange     '3.3.4',
158 silly addNameRange     '3.4.0',
158 silly addNameRange     '3.5.0',
158 silly addNameRange     '3.5.1',
158 silly addNameRange     '3.5.2',
158 silly addNameRange     '3.5.5',
158 silly addNameRange     '3.5.6',
158 silly addNameRange     '3.6.0',
158 silly addNameRange     '3.6.1',
158 silly addNameRange     '3.6.2',
158 silly addNameRange     '3.7.0',
158 silly addNameRange     '3.8.0',
158 silly addNameRange     '3.8.1',
158 silly addNameRange     '3.8.2',
158 silly addNameRange     '3.8.3',
158 silly addNameRange     '3.8.4',
158 silly addNameRange     '3.8.5',
158 silly addNameRange     '3.8.6',
158 silly addNameRange     '3.8.7',
158 silly addNameRange     '3.8.8',
158 silly addNameRange     '3.8.9',
158 silly addNameRange     '3.8.10' ] ]
159 verbose addNamed [ 'gulp', '3.8.10' ]
160 verbose addNamed [ '3.8.10', '3.8.10' ]
161 silly lockFile f843d0d7-gulp-3-8-10 gulp@3.8.10
162 verbose lock gulp@3.8.10 /Users/ryanyogan/.npm/f843d0d7-gulp-3-8-10.lock
163 silly lockFile f843d0d7-gulp-3-8-10 gulp@3.8.10
164 silly lockFile f843d0d7-gulp-3-8-10 gulp@3.8.10
165 silly lockFile 72f4391e-gulp gulp@
166 silly lockFile 72f4391e-gulp gulp@
167 http 404 https://registry.npmjs.org/gulp-contact
168 verbose headers { date: 'Sat, 07 Feb 2015 00:02:40 GMT',
168 verbose headers   server: 'CouchDB/1.5.0 (Erlang OTP/R16B03)',
168 verbose headers   'content-type': 'application/json',
168 verbose headers   'cache-control': 'max-age=0',
168 verbose headers   'content-length': '52',
168 verbose headers   'accept-ranges': 'bytes',
168 verbose headers   via: '1.1 varnish',
168 verbose headers   age: '0',
168 verbose headers   'x-served-by': 'cache-ord1726-ORD',
168 verbose headers   'x-cache': 'MISS',
168 verbose headers   'x-cache-hits': '0',
168 verbose headers   'x-timer': 'S1423267360.825309,VS0,VE137',
168 verbose headers   'keep-alive': 'timeout=10, max=50',
168 verbose headers   connection: 'Keep-Alive' }
169 silly registry.get cb [ 404,
169 silly registry.get   { date: 'Sat, 07 Feb 2015 00:02:40 GMT',
169 silly registry.get     server: 'CouchDB/1.5.0 (Erlang OTP/R16B03)',
169 silly registry.get     'content-type': 'application/json',
169 silly registry.get     'cache-control': 'max-age=0',
169 silly registry.get     'content-length': '52',
169 silly registry.get     'accept-ranges': 'bytes',
169 silly registry.get     via: '1.1 varnish',
169 silly registry.get     age: '0',
169 silly registry.get     'x-served-by': 'cache-ord1726-ORD',
169 silly registry.get     'x-cache': 'MISS',
169 silly registry.get     'x-cache-hits': '0',
169 silly registry.get     'x-timer': 'S1423267360.825309,VS0,VE137',
169 silly registry.get     'keep-alive': 'timeout=10, max=50',
169 silly registry.get     connection: 'Keep-Alive' } ]
170 silly lockFile 77998449-gulp-contact gulp-contact@
171 silly lockFile 77998449-gulp-contact gulp-contact@
172 http 200 https://registry.npmjs.org/node-jsx
173 silly registry.get cb [ 200,
173 silly registry.get   { date: 'Sat, 07 Feb 2015 00:02:41 GMT',
173 silly registry.get     server: 'CouchDB/1.5.0 (Erlang OTP/R16B03)',
173 silly registry.get     etag: '"IGZGGPZTIPH54A0O14QUE52T"',
173 silly registry.get     'content-type': 'application/json',
173 silly registry.get     'cache-control': 'max-age=60',
173 silly registry.get     'content-length': '10853',
173 silly registry.get     'accept-ranges': 'bytes',
173 silly registry.get     via: '1.1 varnish',
173 silly registry.get     age: '0',
173 silly registry.get     'x-served-by': 'cache-ord1721-ORD',
173 silly registry.get     'x-cache': 'MISS',
173 silly registry.get     'x-cache-hits': '0',
173 silly registry.get     'x-timer': 'S1423267360.827149,VS0,VE268',
173 silly registry.get     vary: 'Accept',
173 silly registry.get     'keep-alive': 'timeout=10, max=50',
173 silly registry.get     connection: 'Keep-Alive' } ]
174 silly addNameRange number 2 { name: 'node-jsx', range: '*', hasData: true }
175 silly addNameRange versions [ 'node-jsx',
175 silly addNameRange   [ '0.1.0',
175 silly addNameRange     '0.2.0',
175 silly addNameRange     '0.2.1',
175 silly addNameRange     '0.9.0',
175 silly addNameRange     '0.10.0',
175 silly addNameRange     '0.11.0',
175 silly addNameRange     '0.12.0',
175 silly addNameRange     '0.12.1',
175 silly addNameRange     '0.12.2',
175 silly addNameRange     '0.12.3',
175 silly addNameRange     '0.12.4' ] ]
176 verbose addNamed [ 'node-jsx', '0.12.4' ]
177 verbose addNamed [ '0.12.4', '0.12.4' ]
178 silly lockFile a337b1aa-node-jsx-0-12-4 node-jsx@0.12.4
179 verbose lock node-jsx@0.12.4 /Users/ryanyogan/.npm/a337b1aa-node-jsx-0-12-4.lock
180 silly lockFile a337b1aa-node-jsx-0-12-4 node-jsx@0.12.4
181 silly lockFile a337b1aa-node-jsx-0-12-4 node-jsx@0.12.4
182 silly lockFile 8bd41d33-node-jsx node-jsx@
183 silly lockFile 8bd41d33-node-jsx node-jsx@
184 http 200 https://registry.npmjs.org/gulp-browserify
185 silly registry.get cb [ 200,
185 silly registry.get   { date: 'Sat, 07 Feb 2015 00:02:41 GMT',
185 silly registry.get     server: 'CouchDB/1.5.0 (Erlang OTP/R16B03)',
185 silly registry.get     etag: '"E9UYAPN9Y0HHMTRSS9OS5DTT"',
185 silly registry.get     'content-type': 'application/json',
185 silly registry.get     'cache-control': 'max-age=60',
185 silly registry.get     'content-length': '39398',
185 silly registry.get     'accept-ranges': 'bytes',
185 silly registry.get     via: '1.1 varnish',
185 silly registry.get     age: '0',
185 silly registry.get     'x-served-by': 'cache-ord1725-ORD',
185 silly registry.get     'x-cache': 'HIT',
185 silly registry.get     'x-cache-hits': '1',
185 silly registry.get     'x-timer': 'S1423267360.836589,VS0,VE234',
185 silly registry.get     vary: 'Accept',
185 silly registry.get     'keep-alive': 'timeout=10, max=50',
185 silly registry.get     connection: 'Keep-Alive' } ]
186 silly addNameRange number 2 { name: 'gulp-browserify', range: '*', hasData: true }
187 silly addNameRange versions [ 'gulp-browserify',
187 silly addNameRange   [ '0.1.0',
187 silly addNameRange     '0.1.1',
187 silly addNameRange     '0.1.2',
187 silly addNameRange     '0.2.2',
187 silly addNameRange     '0.2.3',
187 silly addNameRange     '0.2.4',
187 silly addNameRange     '0.2.5',
187 silly addNameRange     '0.2.6',
187 silly addNameRange     '0.2.7',
187 silly addNameRange     '0.3.0',
187 silly addNameRange     '0.3.1',
187 silly addNameRange     '0.3.2',
187 silly addNameRange     '0.3.3',
187 silly addNameRange     '0.3.4',
187 silly addNameRange     '0.4.0',
187 silly addNameRange     '0.4.1',
187 silly addNameRange     '0.4.2',
187 silly addNameRange     '0.4.3',
187 silly addNameRange     '0.4.4',
187 silly addNameRange     '0.4.5',
187 silly addNameRange     '0.4.6',
187 silly addNameRange     '0.5.0',
187 silly addNameRange     '0.5.1' ] ]
188 verbose addNamed [ 'gulp-browserify', '0.5.1' ]
189 verbose addNamed [ '0.5.1', '0.5.1' ]
190 silly lockFile 238d2b6c-gulp-browserify-0-5-1 gulp-browserify@0.5.1
191 verbose lock gulp-browserify@0.5.1 /Users/ryanyogan/.npm/238d2b6c-gulp-browserify-0-5-1.lock
192 silly lockFile 238d2b6c-gulp-browserify-0-5-1 gulp-browserify@0.5.1
193 silly lockFile 238d2b6c-gulp-browserify-0-5-1 gulp-browserify@0.5.1
194 silly lockFile 24eaa615-gulp-browserify gulp-browserify@
195 silly lockFile 24eaa615-gulp-browserify gulp-browserify@
196 http 200 https://registry.npmjs.org/reactify
197 silly registry.get cb [ 200,
197 silly registry.get   { date: 'Sat, 07 Feb 2015 00:02:41 GMT',
197 silly registry.get     server: 'CouchDB/1.6.1 (Erlang OTP/R14B04)',
197 silly registry.get     etag: '"6OY75SJ6Z12DCVB166PRMIW9C"',
197 silly registry.get     'content-type': 'application/json',
197 silly registry.get     'cache-control': 'max-age=60',
197 silly registry.get     'content-length': '51209',
197 silly registry.get     'accept-ranges': 'bytes',
197 silly registry.get     via: '1.1 varnish',
197 silly registry.get     age: '0',
197 silly registry.get     'x-served-by': 'cache-ord1725-ORD',
197 silly registry.get     'x-cache': 'HIT',
197 silly registry.get     'x-cache-hits': '1',
197 silly registry.get     'x-timer': 'S1423267360.983042,VS0,VE268',
197 silly registry.get     vary: 'Accept',
197 silly registry.get     'keep-alive': 'timeout=10, max=49',
197 silly registry.get     connection: 'Keep-Alive' } ]
198 silly addNameRange number 2 { name: 'reactify', range: '*', hasData: true }
199 silly addNameRange versions [ 'reactify',
199 silly addNameRange   [ '0.1.0',
199 silly addNameRange     '0.1.1',
199 silly addNameRange     '0.1.2',
199 silly addNameRange     '0.1.3',
199 silly addNameRange     '0.1.4',
199 silly addNameRange     '0.2.0',
199 silly addNameRange     '0.2.1',
199 silly addNameRange     '0.2.2',
199 silly addNameRange     '0.3.0',
199 silly addNameRange     '0.3.1',
199 silly addNameRange     '0.3.2',
199 silly addNameRange     '0.4.0',
199 silly addNameRange     '0.5.0',
199 silly addNameRange     '0.5.1',
199 silly addNameRange     '0.6.0',
199 silly addNameRange     '0.6.1',
199 silly addNameRange     '0.7.0',
199 silly addNameRange     '0.8.0',
199 silly addNameRange     '0.8.1',
199 silly addNameRange     '0.9.0',
199 silly addNameRange     '0.9.1',
199 silly addNameRange     '0.10.0',
199 silly addNameRange     '0.11.0',
199 silly addNameRange     '0.12.0',
199 silly addNameRange     '0.13.0',
199 silly addNameRange     '0.13.1',
199 silly addNameRange     '0.14.0',
199 silly addNameRange     '0.15.0',
199 silly addNameRange     '0.15.1',
199 silly addNameRange     '0.14.1',
199 silly addNameRange     '0.8.2',
199 silly addNameRange     '0.9.2',
199 silly addNameRange     '0.10.1',
199 silly addNameRange     '0.11.1',
199 silly addNameRange     '0.13.2',
199 silly addNameRange     '0.12.1',
199 silly addNameRange     '0.15.2',
199 silly addNameRange     '0.16.0',
199 silly addNameRange     '0.17.0',
199 silly addNameRange     '0.17.1',
199 silly addNameRange     '1.0.0' ] ]
200 verbose addNamed [ 'reactify', '1.0.0' ]
201 verbose addNamed [ '1.0.0', '1.0.0' ]
202 silly lockFile eb832512-reactify-1-0-0 reactify@1.0.0
203 verbose lock reactify@1.0.0 /Users/ryanyogan/.npm/eb832512-reactify-1-0-0.lock
204 silly lockFile eb832512-reactify-1-0-0 reactify@1.0.0
205 silly lockFile eb832512-reactify-1-0-0 reactify@1.0.0
206 silly lockFile 60172e78-reactify reactify@
207 silly lockFile 60172e78-reactify reactify@
208 http 200 https://registry.npmjs.org/react-tools
209 silly registry.get cb [ 200,
209 silly registry.get   { date: 'Sat, 07 Feb 2015 00:02:41 GMT',
209 silly registry.get     server: 'CouchDB/1.5.0 (Erlang OTP/R16B03)',
209 silly registry.get     etag: '"4BC13K4L9UCW6VM2LMMZPQ3T6"',
209 silly registry.get     'content-type': 'application/json',
209 silly registry.get     'cache-control': 'max-age=60',
209 silly registry.get     'content-length': '52873',
209 silly registry.get     'accept-ranges': 'bytes',
209 silly registry.get     via: '1.1 varnish',
209 silly registry.get     age: '0',
209 silly registry.get     'x-served-by': 'cache-ord1726-ORD',
209 silly registry.get     'x-cache': 'HIT',
209 silly registry.get     'x-cache-hits': '1',
209 silly registry.get     'x-timer': 'S1423267360.983927,VS0,VE271',
209 silly registry.get     vary: 'Accept',
209 silly registry.get     'keep-alive': 'timeout=10, max=49',
209 silly registry.get     connection: 'Keep-Alive' } ]
210 silly addNameRange number 2 { name: 'react-tools', range: '*', hasData: true }
211 silly addNameRange versions [ 'react-tools',
211 silly addNameRange   [ '0.3.0',
211 silly addNameRange     '0.3.1',
211 silly addNameRange     '0.3.2',
211 silly addNameRange     '0.3.3',
211 silly addNameRange     '0.4.0',
211 silly addNameRange     '0.4.1',
211 silly addNameRange     '0.5.0',
211 silly addNameRange     '0.5.1',
211 silly addNameRange     '0.4.2',
211 silly addNameRange     '0.5.2',
211 silly addNameRange     '0.8.0',
211 silly addNameRange     '0.9.0-rc1',
211 silly addNameRange     '0.9.0',
211 silly addNameRange     '0.10.0-rc1',
211 silly addNameRange     '0.10.0',
211 silly addNameRange     '0.11.0-rc1',
211 silly addNameRange     '0.11.0',
211 silly addNameRange     '0.11.1',
211 silly addNameRange     '0.11.2',
211 silly addNameRange     '0.12.0-rc1',
211 silly addNameRange     '0.12.0',
211 silly addNameRange     '0.12.1',
211 silly addNameRange     '0.12.2',
211 silly addNameRange     '0.13.0-alpha.1',
211 silly addNameRange     '0.13.0-alpha.2',
211 silly addNameRange     '0.13.0-beta.1' ] ]
212 verbose addNamed [ 'react-tools', '0.12.2' ]
213 verbose addNamed [ '0.12.2', '0.12.2' ]
214 silly lockFile d49341b9-react-tools-0-12-2 react-tools@0.12.2
215 verbose lock react-tools@0.12.2 /Users/ryanyogan/.npm/d49341b9-react-tools-0-12-2.lock
216 silly lockFile d49341b9-react-tools-0-12-2 react-tools@0.12.2
217 silly lockFile d49341b9-react-tools-0-12-2 react-tools@0.12.2
218 silly lockFile 47fcd5e0-react-tools react-tools@
219 silly lockFile 47fcd5e0-react-tools react-tools@
220 http 200 https://registry.npmjs.org/browserify
221 silly registry.get cb [ 200,
221 silly registry.get   { date: 'Sat, 07 Feb 2015 00:02:40 GMT',
221 silly registry.get     server: 'CouchDB/1.5.0 (Erlang OTP/R16B03)',
221 silly registry.get     etag: '"7JH1QVC9X7B633T961BM2FR1X"',
221 silly registry.get     'content-type': 'application/json',
221 silly registry.get     'cache-control': 'max-age=60',
221 silly registry.get     'content-length': '772579',
221 silly registry.get     'accept-ranges': 'bytes',
221 silly registry.get     via: '1.1 varnish',
221 silly registry.get     age: '18',
221 silly registry.get     'x-served-by': 'cache-ord1720-ORD',
221 silly registry.get     'x-cache': 'HIT',
221 silly registry.get     'x-cache-hits': '1',
221 silly registry.get     'x-timer': 'S1423267360.837566,VS0,VE2',
221 silly registry.get     vary: 'Accept',
221 silly registry.get     'keep-alive': 'timeout=10, max=50',
221 silly registry.get     connection: 'Keep-Alive' } ]
222 silly addNameRange number 2 { name: 'browserify', range: '*', hasData: true }
223 silly addNameRange versions [ 'browserify',
223 silly addNameRange   [ '0.0.1',
223 silly addNameRange     '0.0.2',
223 silly addNameRange     '0.0.3',
223 silly addNameRange     '0.0.4',
223 silly addNameRange     '0.0.5',
223 silly addNameRange     '0.1.0',
223 silly addNameRange     '0.1.1',
223 silly addNameRange     '0.1.2',
223 silly addNameRange     '0.1.3',
223 silly addNameRange     '0.1.4',
223 silly addNameRange     '0.1.5',
223 silly addNameRange     '0.2.0',
223 silly addNameRange     '0.2.1',
223 silly addNameRange     '0.2.2',
223 silly addNameRange     '0.2.3',
223 silly addNameRange     '0.2.4',
223 silly addNameRange     '0.2.5',
223 silly addNameRange     '0.2.6',
223 silly addNameRange     '0.2.7',
223 silly addNameRange     '0.2.8',
223 silly addNameRange     '0.2.9',
223 silly addNameRange     '0.2.10',
223 silly addNameRange     '0.2.11',
223 silly addNameRange     '0.3.0',
223 silly addNameRange     '0.3.1',
223 silly addNameRange     '0.3.2',
223 silly addNameRange     '0.3.3',
223 silly addNameRange     '0.3.4',
223 silly addNameRange     '0.3.5',
223 silly addNameRange     '0.3.6',
223 silly addNameRange     '0.3.7',
223 silly addNameRange     '0.4.0',
223 silly addNameRange     '0.4.1',
223 silly addNameRange     '0.4.2',
223 silly addNameRange     '0.4.3',
223 silly addNameRange     '0.4.4',
223 silly addNameRange     '0.4.5',
223 silly addNameRange     '0.4.6',
223 silly addNameRange     '0.4.7',
223 silly addNameRange     '0.4.8',
223 silly addNameRange     '0.4.9',
223 silly addNameRange     '0.4.10',
223 silly addNameRange     '0.4.11',
223 silly addNameRange     '0.4.12',
223 silly addNameRange     '0.4.13',
223 silly addNameRange     '0.4.14',
223 silly addNameRange     '0.4.15',
223 silly addNameRange     '0.5.0',
223 silly addNameRange     '0.5.1',
223 silly addNameRange     '0.5.2',
223 silly addNameRange     '1.0.0',
223 silly addNameRange     '1.1.0',
223 silly addNameRange     '1.1.1',
223 silly addNameRange     '1.1.2',
223 silly addNameRange     '1.1.3',
223 silly addNameRange     '1.1.4',
223 silly addNameRange     '1.2.0',
223 silly addNameRange     '1.2.1',
223 silly addNameRange     '1.2.2',
223 silly addNameRange     '1.2.3',
223 silly addNameRange     '1.2.4',
223 silly addNameRange     '1.2.5',
223 silly addNameRange     '1.2.6',
223 silly addNameRange     '1.2.7',
223 silly addNameRange     '1.2.8',
223 silly addNameRange     '1.2.9',
223 silly addNameRange     '1.3.0',
223 silly addNameRange     '1.4.0',
223 silly addNameRange     '1.4.1',
223 silly addNameRange     '1.4.2',
223 silly addNameRange     '1.4.3',
223 silly addNameRange     '1.4.4',
223 silly addNameRange     '1.4.5',
223 silly addNameRange     '1.4.6',
223 silly addNameRange     '1.4.7',
223 silly addNameRange     '1.4.8',
223 silly addNameRange     '1.5.0',
223 silly addNameRange     '1.6.0',
223 silly addNameRange     '1.6.1',
223 silly addNameRange     '1.7.0',
223 silly addNameRange     '1.7.1',
223 silly addNameRange     '1.7.2',
223 silly addNameRange     '1.7.3',
223 silly addNameRange     '1.7.4',
223 silly addNameRange     '1.7.5',
223 silly addNameRange     '1.7.6',
223 silly addNameRange     '1.7.7',
223 silly addNameRange     '1.8.0',
223 silly addNameRange     '1.8.1',
223 silly addNameRange     '1.8.2',
223 silly addNameRange     '1.8.3',
223 silly addNameRange     '1.9.0',
223 silly addNameRange     '1.9.1',
223 silly addNameRange     '1.9.2',
223 silly addNameRange     '1.9.3',
223 silly addNameRange     '1.9.4',
223 silly addNameRange     '1.10.0',
223 silly addNameRange     '1.10.1',
223 silly addNameRange     '1.10.2',
223 silly addNameRange     '1.10.3',
223 silly addNameRange     '1.10.4',
223 silly addNameRange     '1.10.5',
223 silly addNameRange     '1.10.6',
223 silly addNameRange     '1.10.7',
223 silly addNameRange     '1.10.8',
223 silly addNameRange     '1.10.9',
223 silly addNameRange     '1.10.11',
223 silly addNameRange     '1.10.12',
223 silly addNameRange     '1.10.13',
223 silly addNameRange     '1.10.14',
223 silly addNameRange     '1.10.15',
223 silly addNameRange     '1.10.16',
223 silly addNameRange     '1.10.17',
223 silly addNameRange     '1.11.0',
223 silly addNameRange     '1.11.1',
223 silly addNameRange     '1.12.0',
223 silly addNameRange     '1.12.1',
223 silly addNameRange     '1.12.2',
223 silly addNameRange     '1.12.3',
223 silly addNameRange     '1.13.0',
223 silly addNameRange     '1.13.1',
223 silly addNameRange     '1.13.2',
223 silly addNameRange     '1.13.3',
223 silly addNameRange     '1.13.4',
223 silly addNameRange     '1.13.5',
223 silly addNameRange     '1.13.6',
223 silly addNameRange     '1.13.8',
223 silly addNameRange     '1.13.9',
223 silly addNameRange     '1.13.10',
223 silly addNameRange     '1.14.0',
223 silly addNameRange     '1.14.1',
223 silly addNameRange     '1.14.2',
223 silly addNameRange     '1.14.3',
223 silly addNameRange     '1.14.4',
223 silly addNameRange     '1.14.5',
223 silly addNameRange     '1.15.0',
223 silly addNameRange     '1.15.1',
223 silly addNameRange     '1.15.2',
223 silly addNameRange     '1.15.3',
223 silly addNameRange     '1.15.4',
223 silly addNameRange     '1.15.5',
223 silly addNameRange     '1.15.6',
223 silly addNameRange     '1.16.0',
223 silly addNameRange     '1.16.1',
223 silly addNameRange     '1.16.2',
223 silly addNameRange     '1.16.3',
223 silly addNameRange     '1.16.4',
223 silly addNameRange     '1.16.5',
223 silly addNameRange     '1.16.6',
223 silly addNameRange     '1.16.7',
223 silly addNameRange     '1.16.8',
223 silly addNameRange     '1.17.0',
223 silly addNameRange     '1.17.1',
223 silly addNameRange     '1.17.2',
223 silly addNameRange     '1.17.3',
223 silly addNameRange     '1.18.0',
223 silly addNameRange     '2.0.0',
223 silly addNameRange     '2.0.1',
223 silly addNameRange     '2.1.0',
223 silly addNameRange     '2.2.0',
223 silly addNameRange     '2.2.1',
223 silly addNameRange     '2.2.2',
223 silly addNameRange     '2.2.3',
223 silly addNameRange     '2.2.4',
223 silly addNameRange     '2.2.5',
223 silly addNameRange     '2.2.6',
223 silly addNameRange     '2.3.0',
223 silly addNameRange     '2.3.1',
223 silly addNameRange     '2.4.0',
223 silly addNameRange     '2.4.1',
223 silly addNameRange     '2.4.2',
223 silly addNameRange     '2.4.3',
223 silly addNameRange     '2.5.0',
223 silly addNameRange     '2.5.1',
223 silly addNameRange     '2.6.0',
223 silly addNameRange     '2.6.1',
223 silly addNameRange     '2.7.0',
223 silly addNameRange     '2.7.1',
223 silly addNameRange     '2.7.2',
223 silly addNameRange     '2.7.3',
223 silly addNameRange     '2.7.4',
223 silly addNameRange     '2.8.0',
223 silly addNameRange     '2.8.1',
223 silly addNameRange     '2.9.0',
223 silly addNameRange     '2.10.0',
223 silly addNameRange     '2.10.1',
223 silly addNameRange     '2.10.2',
223 silly addNameRange     '2.11.0',
223 silly addNameRange     '2.12.0',
223 silly addNameRange     '2.12.1',
223 silly addNameRange     '2.12.2',
223 silly addNameRange     '2.12.3',
223 silly addNameRange     '2.12.4',
223 silly addNameRange     '2.12.5',
223 silly addNameRange     '2.13.0',
223 silly addNameRange     '2.13.1',
223 silly addNameRange     '2.13.2',
223 silly addNameRange     '2.13.3',
223 silly addNameRange     '2.14.0',
223 silly addNameRange     '2.14.1',
223 silly addNameRange     '2.14.2',
223 silly addNameRange     '2.15.0',
223 silly addNameRange     '2.16.0',
223 silly addNameRange     '2.17.0',
223 silly addNameRange     '2.17.1',
223 silly addNameRange     '2.17.2',
223 silly addNameRange     '2.17.3',
223 silly addNameRange     '2.17.4',
223 silly addNameRange     '2.18.0',
223 silly addNameRange     '2.18.1',
223 silly addNameRange     '2.19.0',
223 silly addNameRange     '2.20.0',
223 silly addNameRange     '2.20.1',
223 silly addNameRange     '2.20.2',
223 silly addNameRange     '2.21.0',
223 silly addNameRange     '2.22.0',
223 silly addNameRange     '2.23.0',
223 silly addNameRange     '2.23.1',
223 silly addNameRange     '2.24.0',
223 silly addNameRange     '2.24.1',
223 silly addNameRange     '2.24.2',
223 silly addNameRange     '2.24.3',
223 silly addNameRange     '2.25.0',
223 silly addNameRange     '2.25.1',
223 silly addNameRange     '2.26.0',
223 silly addNameRange     '2.27.0',
223 silly addNameRange     '2.27.1',
223 silly addNameRange     '2.28.0',
223 silly addNameRange     '2.29.0',
223 silly addNameRange     '2.29.1',
223 silly addNameRange     '2.30.0',
223 silly addNameRange     '2.31.0',
223 silly addNameRange     '2.32.0',
223 silly addNameRange     '2.32.1',
223 silly addNameRange     '2.32.2',
223 silly addNameRange     '2.32.3',
223 silly addNameRange     '2.32.4',
223 silly addNameRange     '2.33.0',
223 silly addNameRange     '2.33.1',
223 silly addNameRange     '2.34.0',
223 silly addNameRange     '2.34.1',
223 silly addNameRange     '2.34.2',
223 silly addNameRange     '2.34.3',
223 silly addNameRange     '2.35.0',
223 silly addNameRange     '2.35.1',
223 silly addNameRange     '2.35.2',
223 silly addNameRange     '2.35.3',
223 silly addNameRange     '2.35.4',
223 silly addNameRange     '2.36.0',
223 silly addNameRange     '2.36.1',
223 silly addNameRange     '3.0.0',
223 silly addNameRange     '3.1.0',
223 silly addNameRange     '3.1.1',
223 silly addNameRange     '3.1.2',
223 silly addNameRange     '3.1.3',
223 silly addNameRange     '3.2.0',
223 silly addNameRange     '3.2.1',
223 silly addNameRange     '3.2.2',
223 silly addNameRange     '3.3.0',
223 silly addNameRange     '3.4.0',
223 silly addNameRange     '3.4.1',
223 silly addNameRange     '3.5.0',
223 silly addNameRange     '3.6.0',
223 silly addNameRange     '3.7.0',
223 silly addNameRange     '3.8.0',
223 silly addNameRange     '3.8.1',
223 silly addNameRange     '3.9.0',
223 silly addNameRange     '3.9.1',
223 silly addNameRange     '3.10.0',
223 silly addNameRange     '3.11.0',
223 silly addNameRange     '3.11.1',
223 silly addNameRange     '3.12.0',
223 silly addNameRange     '3.13.0',
223 silly addNameRange     '3.14.0',
223 silly addNameRange     '3.14.1',
223 silly addNameRange     '3.16.0',
223 silly addNameRange     '3.16.1',
223 silly addNameRange     '3.17.0',
223 silly addNameRange     '3.18.0',
223 silly addNameRange     '3.19.0',
223 silly addNameRange     '3.19.1',
223 silly addNameRange     '3.20.0',
223 silly addNameRange     '3.20.1',
223 silly addNameRange     '3.20.2',
223 silly addNameRange     '3.21.0',
223 silly addNameRange     '3.21.1',
223 silly addNameRange     '3.22.0',
223 silly addNameRange     '3.22.1',
223 silly addNameRange     '3.23.0',
223 silly addNameRange     '3.23.1',
223 silly addNameRange     '3.24.0',
223 silly addNameRange     '3.24.1',
223 silly addNameRange     '3.24.2',
223 silly addNameRange     '3.24.3',
223 silly addNameRange     '3.24.4',
223 silly addNameRange     '3.24.5',
223 silly addNameRange     '3.24.6',
223 silly addNameRange     '3.24.7',
223 silly addNameRange     '3.24.8',
223 silly addNameRange     '3.24.9',
223 silly addNameRange     '3.24.10',
223 silly addNameRange     '3.24.11',
223 silly addNameRange     '3.24.13',
223 silly addNameRange     '3.25.0',
223 silly addNameRange     '3.25.1',
223 silly addNameRange     '3.25.2',
223 silly addNameRange     '3.26.0',
223 silly addNameRange     '3.27.0',
223 silly addNameRange     '3.27.1',
223 silly addNameRange     '3.28.0',
223 silly addNameRange     '3.28.1',
223 silly addNameRange     '3.28.2',
223 silly addNameRange     '3.29.0',
223 silly addNameRange     '3.29.1',
223 silly addNameRange     '3.30.0',
223 silly addNameRange     '3.30.1',
223 silly addNameRange     '3.30.2',
223 silly addNameRange     '3.30.3',
223 silly addNameRange     '3.30.4',
223 silly addNameRange     '3.31.0',
223 silly addNameRange     '3.31.1',
223 silly addNameRange     '3.31.2',
223 silly addNameRange     '3.32.0',
223 silly addNameRange     '3.32.1',
223 silly addNameRange     '3.33.0',
223 silly addNameRange     '3.33.1',
223 silly addNameRange     '3.34.0',
223 silly addNameRange     '3.35.0',
223 silly addNameRange     '3.36.0',
223 silly addNameRange     '3.36.1',
223 silly addNameRange     '3.37.0',
223 silly addNameRange     '3.37.1',
223 silly addNameRange     '3.37.2',
223 silly addNameRange     '3.38.0',
223 silly addNameRange     '3.38.1',
223 silly addNameRange     '3.39.0',
223 silly addNameRange     '3.40.0',
223 silly addNameRange     '3.40.1',
223 silly addNameRange     '3.40.2',
223 silly addNameRange     '3.40.3',
223 silly addNameRange     '3.40.4',
223 silly addNameRange     '3.41.0',
223 silly addNameRange     '3.42.0',
223 silly addNameRange     '3.43.0',
223 silly addNameRange     '3.44.0',
223 silly addNameRange     '3.44.1',
223 silly addNameRange     '3.44.2',
223 silly addNameRange     '3.45.0',
223 silly addNameRange     '3.46.0',
223 silly addNameRange     '3.46.1',
223 silly addNameRange     '4.0.0',
223 silly addNameRange     '4.1.0',
223 silly addNameRange     '4.1.1',
223 silly addNameRange     '4.1.2',
223 silly addNameRange     '4.1.3',
223 silly addNameRange     '4.1.4',
223 silly addNameRange     '4.1.5',
223 silly addNameRange     '4.1.6',
223 silly addNameRange     '4.1.7',
223 silly addNameRange     '4.1.8',
223 silly addNameRange     '4.1.9',
223 silly addNameRange     '4.1.10',
223 silly addNameRange     '4.1.11',
223 silly addNameRange     '4.2.0',
223 silly addNameRange     '4.2.1',
223 silly addNameRange     '4.2.2',
223 silly addNameRange     '4.2.3',
223 silly addNameRange     '5.0.0',
223 silly addNameRange     '5.0.1',
223 silly addNameRange     '5.0.2',
223 silly addNameRange     '5.0.3',
223 silly addNameRange     '5.0.4',
223 silly addNameRange     '5.0.5',
223 silly addNameRange     '5.0.6',
223 silly addNameRange     '5.0.7',
223 silly addNameRange     '5.0.8',
223 silly addNameRange     '5.1.0',
223 silly addNameRange     '5.1.1',
223 silly addNameRange     '5.2.0',
223 silly addNameRange     '5.2.1',
223 silly addNameRange     '5.3.0',
223 silly addNameRange     '5.4.0',
223 silly addNameRange     '5.4.1',
223 silly addNameRange     '5.4.2',
223 silly addNameRange     '5.5.0',
223 silly addNameRange     '5.6.0',
223 silly addNameRange     '5.6.1',
223 silly addNameRange     '5.7.0',
223 silly addNameRange     '5.8.0',
223 silly addNameRange     '5.9.0',
223 silly addNameRange     '5.9.1',
223 silly addNameRange     '5.9.2',
223 silly addNameRange     '5.9.3',
223 silly addNameRange     '5.10.0',
223 silly addNameRange     '5.10.1',
223 silly addNameRange     '5.11.0',
223 silly addNameRange     '5.11.1',
223 silly addNameRange     '5.11.2',
223 silly addNameRange     '5.12.0',
223 silly addNameRange     '5.12.1',
223 silly addNameRange     '5.12.2',
223 silly addNameRange     '5.13.0',
223 silly addNameRange     '5.13.1',
223 silly addNameRange     '6.0.0',
223 silly addNameRange     '6.0.1',
223 silly addNameRange     '6.0.2',
223 silly addNameRange     '6.0.3',
223 silly addNameRange     '6.1.0',
223 silly addNameRange     '6.1.1',
223 silly addNameRange     '6.1.2',
223 silly addNameRange     '6.2.0',
223 silly addNameRange     '6.3.0',
223 silly addNameRange     '6.3.1',
223 silly addNameRange     '6.3.2',
223 silly addNameRange     '6.3.3',
223 silly addNameRange     '6.3.4',
223 silly addNameRange     '7.0.0',
223 silly addNameRange     '7.0.1',
223 silly addNameRange     '7.0.2',
223 silly addNameRange     '7.0.3',
223 silly addNameRange     '7.1.0',
223 silly addNameRange     '8.0.0',
223 silly addNameRange     '8.0.1',
223 silly addNameRange     '8.0.2',
223 silly addNameRange     '8.0.3',
223 silly addNameRange     '8.1.0',
223 silly addNameRange     '8.1.1',
223 silly addNameRange     '8.1.2',
223 silly addNameRange     '8.1.3' ] ]
224 verbose addNamed [ 'browserify', '8.1.3' ]
225 verbose addNamed [ '8.1.3', '8.1.3' ]
226 silly lockFile 2622389a-browserify-8-1-3 browserify@8.1.3
227 verbose lock browserify@8.1.3 /Users/ryanyogan/.npm/2622389a-browserify-8-1-3.lock
228 silly lockFile 27d3bcab--browserify-browserify-8-1-3-tgz https://registry.npmjs.org/browserify/-/browserify-8.1.3.tgz
229 verbose lock https://registry.npmjs.org/browserify/-/browserify-8.1.3.tgz /Users/ryanyogan/.npm/27d3bcab--browserify-browserify-8-1-3-tgz.lock
230 verbose addRemoteTarball [ 'https://registry.npmjs.org/browserify/-/browserify-8.1.3.tgz',
230 verbose addRemoteTarball   'f33a549a3a6c368219b075fdcfe6df195e049a9a' ]
231 info retry fetch attempt 1 at 18:02:42
232 verbose fetch to= /tmp/npm-20902-A3k80U1v/registry.npmjs.org/browserify/-/browserify-8.1.3.tgz
233 http GET https://registry.npmjs.org/browserify/-/browserify-8.1.3.tgz
234 http 200 https://registry.npmjs.org/browserify/-/browserify-8.1.3.tgz
235 silly lockFile 27d3bcab--browserify-browserify-8-1-3-tgz https://registry.npmjs.org/browserify/-/browserify-8.1.3.tgz
236 silly lockFile 27d3bcab--browserify-browserify-8-1-3-tgz https://registry.npmjs.org/browserify/-/browserify-8.1.3.tgz
237 silly lockFile 2622389a-browserify-8-1-3 browserify@8.1.3
238 silly lockFile 2622389a-browserify-8-1-3 browserify@8.1.3
239 silly lockFile 80140245-browserify browserify@
240 silly lockFile 80140245-browserify browserify@
241 error 404 404 Not Found: gulp-contact
241 error 404
241 error 404 'gulp-contact' is not in the npm registry.
241 error 404 You should bug the author to publish it
241 error 404 It was specified as a dependency of 'xkcd'
241 error 404
241 error 404 Note that you can also install from a
241 error 404 tarball, folder, or http url, or git url.
242 error System Darwin 14.0.0
243 error command "node" "/usr/local/bin/npm" "install" "browserify" "gulp" "gulp-browserify" "gulp-contact" "node-jsx" "react-tools" "reactify" "--save-dev"
244 error cwd /Users/ryanyogan/work/xkcd
245 error node -v v0.10.35
246 error npm -v 1.4.28
247 error code E404
248 verbose exit [ 1, true ]
